<?xml version="1.0" encoding="UTF-8"?>
<!-- Generated by org.testng.reporters.JUnitXMLReporter -->
<testsuite ignored="0" hostname="DESKTOP-15RQ365" failures="0" tests="6" name="Default test" time="129.939" errors="0" timestamp="2022-11-25T04:13:38 GMT-08:00">
  <testcase classname="com.qa.hrm.testclass.HomepageTest" name="homepageTitleTest" time="0.103"/>
  <testcase classname="com.qa.hrm.testclass.HomepageTest" name="homepageLogoTest" time="1.905"/>
  <testcase classname="com.qa.hrm.testclass.HomepageTest" name="loginTest" time="3.678"/>
  <testcase classname="com.qa.hrm.testclass.HomepageTest" name="DataProviderTest" time="0.003"/>
  <testcase classname="com.qa.hrm.testclass.HomepageTest" name="DataProviderTest" time="0.002"/>
  <testcase classname="com.qa.hrm.testclass.HomepageTest" name="DataProviderTest" time="0.003"/>
</testsuite> <!-- Default test -->
