<?xml version="1.0" encoding="UTF-8"?>
<!-- Generated by org.testng.reporters.JUnitXMLReporter -->
<testsuite ignored="1" hostname="DESKTOP-15RQ365" failures="0" tests="3" name="Test" time="54.061" errors="0" timestamp="2022-11-24T12:57:43 GMT-08:00">
  <testcase classname="com.qa.hrm.testclass.HomepageTest" name="homepageTitleTest" time="0.026"/>
  <testcase classname="com.qa.hrm.testclass.HomepageTest" name="homepageLogoTest" time="1.074"/>
  <testcase classname="com.qa.hrm.testclass.HomepageTest" name="loginTest" time="1.532"/>
  <testcase classname="com.qa.hrm.testclass.HomepageTest" name="DataProviderTest" time="0.0">
    <ignored/>
  </testcase> <!-- DataProviderTest -->
</testsuite> <!-- Test -->
