<?xml version="1.0" encoding="UTF-8"?>
<testng-results ignored="1" total="4" passed="3" failed="0" skipped="0">
  <reporter-output>
  </reporter-output>
  <suite started-at="2022-11-24T12:56:49 GMT-08:00" name="Suite" finished-at="2022-11-24T12:57:43 GMT-08:00" duration-ms="54061">
    <groups>
    </groups>
    <test started-at="2022-11-24T12:56:49 GMT-08:00" name="Test" finished-at="2022-11-24T12:57:43 GMT-08:00" duration-ms="54061">
      <class name="com.qa.hrm.testclass.HomepageTest">
        <test-method is-config="true" signature="setUp()[pri:0, instance:com.qa.hrm.testclass.HomepageTest@2805d709]" started-at="2022-11-24T12:56:49 GMT-08:00" name="setUp" finished-at="2022-11-24T12:57:14 GMT-08:00" duration-ms="24522" status="PASS">
          <reporter-output>
          </reporter-output>
        </test-method> <!-- setUp -->
        <test-method signature="homepageTitleTest()[pri:1, instance:com.qa.hrm.testclass.HomepageTest@2805d709]" started-at="2022-11-24T12:57:14 GMT-08:00" name="homepageTitleTest" finished-at="2022-11-24T12:57:14 GMT-08:00" duration-ms="26" status="PASS">
          <reporter-output>
          </reporter-output>
        </test-method> <!-- homepageTitleTest -->
        <test-method is-config="true" signature="tearDown()[pri:0, instance:com.qa.hrm.testclass.HomepageTest@2805d709]" started-at="2022-11-24T12:57:14 GMT-08:00" name="tearDown" finished-at="2022-11-24T12:57:14 GMT-08:00" duration-ms="857" status="PASS">
          <reporter-output>
          </reporter-output>
        </test-method> <!-- tearDown -->
        <test-method is-config="true" signature="setUp()[pri:0, instance:com.qa.hrm.testclass.HomepageTest@2805d709]" started-at="2022-11-24T12:57:14 GMT-08:00" name="setUp" finished-at="2022-11-24T12:57:29 GMT-08:00" duration-ms="14651" status="PASS">
          <reporter-output>
          </reporter-output>
        </test-method> <!-- setUp -->
        <test-method signature="homepageLogoTest()[pri:2, instance:com.qa.hrm.testclass.HomepageTest@2805d709]" started-at="2022-11-24T12:57:29 GMT-08:00" name="homepageLogoTest" finished-at="2022-11-24T12:57:30 GMT-08:00" duration-ms="1074" status="PASS">
          <reporter-output>
          </reporter-output>
        </test-method> <!-- homepageLogoTest -->
        <test-method is-config="true" signature="tearDown()[pri:0, instance:com.qa.hrm.testclass.HomepageTest@2805d709]" started-at="2022-11-24T12:57:30 GMT-08:00" name="tearDown" finished-at="2022-11-24T12:57:30 GMT-08:00" duration-ms="270" status="PASS">
          <reporter-output>
          </reporter-output>
        </test-method> <!-- tearDown -->
        <test-method is-config="true" signature="setUp()[pri:0, instance:com.qa.hrm.testclass.HomepageTest@2805d709]" started-at="2022-11-24T12:57:30 GMT-08:00" name="setUp" finished-at="2022-11-24T12:57:41 GMT-08:00" duration-ms="10430" status="PASS">
          <reporter-output>
          </reporter-output>
        </test-method> <!-- setUp -->
        <test-method signature="loginTest()[pri:3, instance:com.qa.hrm.testclass.HomepageTest@2805d709]" started-at="2022-11-24T12:57:41 GMT-08:00" name="loginTest" finished-at="2022-11-24T12:57:42 GMT-08:00" duration-ms="1532" status="PASS">
          <reporter-output>
          </reporter-output>
        </test-method> <!-- loginTest -->
        <test-method is-config="true" signature="tearDown()[pri:0, instance:com.qa.hrm.testclass.HomepageTest@2805d709]" started-at="2022-11-24T12:57:42 GMT-08:00" name="tearDown" finished-at="2022-11-24T12:57:43 GMT-08:00" duration-ms="620" status="PASS">
          <reporter-output>
          </reporter-output>
        </test-method> <!-- tearDown -->
      </class> <!-- com.qa.hrm.testclass.HomepageTest -->
    </test> <!-- Test -->
  </suite> <!-- Suite -->
</testng-results>
